2021-03-18 00:31:51.485  INFO 5004 --- [SpringContextShutdownHook] o.s.s.concurrent.ThreadPoolTaskExecutor  : Shutting down ExecutorService 'applicationTaskExecutor'
2021-03-18 00:31:51.493  INFO 5004 --- [SpringContextShutdownHook] j.LocalContainerEntityManagerFactoryBean : Closing JPA EntityManagerFactory for persistence unit 'default'
2021-03-18 00:31:51.496  INFO 5004 --- [SpringContextShutdownHook] com.zaxxer.hikari.HikariDataSource       : HikariPool-1 - Shutdown initiated...
2021-03-18 00:31:51.508  INFO 5004 --- [SpringContextShutdownHook] com.zaxxer.hikari.HikariDataSource       : HikariPool-1 - Shutdown completed.
2021-03-18 00:36:22.135  INFO 2000 --- [main] com.matheusfelixr.scm.ScmApplication     : Starting ScmApplication using Java 1.8.0_191 on DESKTOP-83GQDVO with PID 2000 (D:\projetos\estudo\git\scm\target\classes started by mathe in D:\projetos\estudo\git\scm)
2021-03-18 00:36:22.140  INFO 2000 --- [main] com.matheusfelixr.scm.ScmApplication     : The following profiles are active: @activatedProperties@
2021-03-18 00:36:23.336  INFO 2000 --- [main] .s.d.r.c.RepositoryConfigurationDelegate : Bootstrapping Spring Data JPA repositories in DEFAULT mode.
2021-03-18 00:36:23.431  INFO 2000 --- [main] .s.d.r.c.RepositoryConfigurationDelegate : Finished Spring Data repository scanning in 83 ms. Found 4 JPA repository interfaces.
2021-03-18 00:36:24.209  INFO 2000 --- [main] trationDelegate$BeanPostProcessorChecker : Bean 'org.springframework.security.access.expression.method.DefaultMethodSecurityExpressionHandler@443faa85' of type [org.springframework.security.access.expression.method.DefaultMethodSecurityExpressionHandler] is not eligible for getting processed by all BeanPostProcessors (for example: not eligible for auto-proxying)
2021-03-18 00:36:24.218  INFO 2000 --- [main] trationDelegate$BeanPostProcessorChecker : Bean 'methodSecurityMetadataSource' of type [org.springframework.security.access.method.DelegatingMethodSecurityMetadataSource] is not eligible for getting processed by all BeanPostProcessors (for example: not eligible for auto-proxying)
2021-03-18 00:36:24.891  INFO 2000 --- [main] o.s.b.w.embedded.tomcat.TomcatWebServer  : Tomcat initialized with port(s): 8080 (http)
2021-03-18 00:36:24.907  INFO 2000 --- [main] o.apache.catalina.core.StandardService   : Starting service [Tomcat]
2021-03-18 00:36:24.908  INFO 2000 --- [main] org.apache.catalina.core.StandardEngine  : Starting Servlet engine: [Apache Tomcat/9.0.43]
2021-03-18 00:36:25.030  INFO 2000 --- [main] o.a.c.c.C.[Tomcat].[localhost].[/]       : Initializing Spring embedded WebApplicationContext
2021-03-18 00:36:25.030  INFO 2000 --- [main] w.s.c.ServletWebServerApplicationContext : Root WebApplicationContext: initialization completed in 2821 ms
2021-03-18 00:36:25.243 ERROR 2000 --- [main] o.s.b.web.embedded.tomcat.TomcatStarter  : Error starting Tomcat context. Exception: org.springframework.beans.factory.UnsatisfiedDependencyException. Message: Error creating bean with name 'jwtRequestFilter': Unsatisfied dependency expressed through field 'jwtUserDetailsService'; nested exception is org.springframework.beans.factory.UnsatisfiedDependencyException: Error creating bean with name 'securityService': Unsatisfied dependency expressed through field 'userAuthenticationService'; nested exception is org.springframework.beans.factory.UnsatisfiedDependencyException: Error creating bean with name 'userAuthenticationService': Unsatisfied dependency expressed through field 'userAuthenticationRepository'; nested exception is org.springframework.beans.factory.BeanCreationException: Error creating bean with name 'userAuthenticationRepository' defined in com.matheusfelixr.scm.repository.UserAuthenticationRepository defined in @EnableJpaRepositories declared on JpaRepositoriesRegistrar.EnableJpaRepositoriesConfiguration: Cannot create inner bean '(inner bean)#6d6ac396' of type [org.springframework.orm.jpa.SharedEntityManagerCreator] while setting bean property 'entityManager'; nested exception is org.springframework.beans.factory.BeanCreationException: Error creating bean with name '(inner bean)#6d6ac396': Cannot resolve reference to bean 'entityManagerFactory' while setting constructor argument; nested exception is org.springframework.beans.factory.UnsatisfiedDependencyException: Error creating bean with name 'flywayInitializer' defined in class path resource [org/springframework/boot/autoconfigure/flyway/FlywayAutoConfiguration$FlywayConfiguration.class]: Unsatisfied dependency expressed through method 'flywayInitializer' parameter 0; nested exception is org.springframework.beans.factory.BeanCreationException: Error creating bean with name 'flyway' defined in class path resource [org/springframework/boot/autoconfigure/flyway/FlywayAutoConfiguration$FlywayConfiguration.class]: Bean instantiation via factory method failed; nested exception is org.springframework.beans.BeanInstantiationException: Failed to instantiate [org.flywaydb.core.Flyway]: Factory method 'flyway' threw exception; nested exception is org.springframework.boot.autoconfigure.flyway.FlywayMigrationScriptMissingException: Cannot find migration scripts in: [classpath:db/migration] (please add migration scripts or check your Flyway configuration)
2021-03-18 00:36:25.284  INFO 2000 --- [main] o.apache.catalina.core.StandardService   : Stopping service [Tomcat]
2021-03-18 00:36:25.289  WARN 2000 --- [main] ConfigServletWebServerApplicationContext : Exception encountered during context initialization - cancelling refresh attempt: org.springframework.context.ApplicationContextException: Unable to start web server; nested exception is org.springframework.boot.web.server.WebServerException: Unable to start embedded Tomcat
2021-03-18 00:36:25.301  INFO 2000 --- [main] ConditionEvaluationReportLoggingListener : 

Error starting ApplicationContext. To display the conditions report re-run your application with 'debug' enabled.
2021-03-18 00:36:25.363 ERROR 2000 --- [main] o.s.b.d.LoggingFailureAnalysisReporter   : 

***************************
APPLICATION FAILED TO START
***************************

Description:

Flyway failed to initialize: none of the following migration scripts locations could be found:

	- classpath:db/migration


Action:

Review the locations above or check your Flyway configuration

2021-03-18 00:41:02.699  INFO 3272 --- [main] com.matheusfelixr.scm.ScmApplication     : Starting ScmApplication using Java 1.8.0_191 on DESKTOP-83GQDVO with PID 3272 (D:\projetos\estudo\git\scm\target\classes started by mathe in D:\projetos\estudo\git\scm)
2021-03-18 00:41:02.704  INFO 3272 --- [main] com.matheusfelixr.scm.ScmApplication     : The following profiles are active: @activatedProperties@
2021-03-18 00:41:04.155  INFO 3272 --- [main] .s.d.r.c.RepositoryConfigurationDelegate : Bootstrapping Spring Data JPA repositories in DEFAULT mode.
2021-03-18 00:41:04.295  INFO 3272 --- [main] .s.d.r.c.RepositoryConfigurationDelegate : Finished Spring Data repository scanning in 128 ms. Found 4 JPA repository interfaces.
2021-03-18 00:41:04.968  INFO 3272 --- [main] trationDelegate$BeanPostProcessorChecker : Bean 'org.springframework.security.access.expression.method.DefaultMethodSecurityExpressionHandler@2b38b1f' of type [org.springframework.security.access.expression.method.DefaultMethodSecurityExpressionHandler] is not eligible for getting processed by all BeanPostProcessors (for example: not eligible for auto-proxying)
2021-03-18 00:41:04.977  INFO 3272 --- [main] trationDelegate$BeanPostProcessorChecker : Bean 'methodSecurityMetadataSource' of type [org.springframework.security.access.method.DelegatingMethodSecurityMetadataSource] is not eligible for getting processed by all BeanPostProcessors (for example: not eligible for auto-proxying)
2021-03-18 00:41:05.893  INFO 3272 --- [main] o.s.b.w.embedded.tomcat.TomcatWebServer  : Tomcat initialized with port(s): 8080 (http)
2021-03-18 00:41:05.916  INFO 3272 --- [main] o.apache.catalina.core.StandardService   : Starting service [Tomcat]
2021-03-18 00:41:05.917  INFO 3272 --- [main] org.apache.catalina.core.StandardEngine  : Starting Servlet engine: [Apache Tomcat/9.0.43]
2021-03-18 00:41:06.080  INFO 3272 --- [main] o.a.c.c.C.[Tomcat].[localhost].[/]       : Initializing Spring embedded WebApplicationContext
2021-03-18 00:41:06.081  INFO 3272 --- [main] w.s.c.ServletWebServerApplicationContext : Root WebApplicationContext: initialization completed in 3282 ms
2021-03-18 00:41:06.391  INFO 3272 --- [main] o.f.c.internal.license.VersionPrinter    : Flyway Community Edition 7.1.1 by Redgate
2021-03-18 00:41:06.408  INFO 3272 --- [main] com.zaxxer.hikari.HikariDataSource       : HikariPool-1 - Starting...
2021-03-18 00:41:06.773  INFO 3272 --- [main] com.zaxxer.hikari.HikariDataSource       : HikariPool-1 - Start completed.
2021-03-18 00:41:06.841  INFO 3272 --- [main] o.f.c.i.database.base.DatabaseType       : Database: jdbc:postgresql://localhost:5432/scm (PostgreSQL 12.6)
2021-03-18 00:41:06.928  INFO 3272 --- [main] o.f.core.internal.command.DbValidate     : Successfully validated 1 migration (execution time 00:00.052s)
2021-03-18 00:41:06.941  INFO 3272 --- [main] o.f.c.i.s.JdbcTableSchemaHistory         : Creating Schema History table "public"."flyway_schema_history" ...
2021-03-18 00:41:07.121  INFO 3272 --- [main] o.f.core.internal.command.DbMigrate      : Current version of schema "public": << Empty Schema >>
2021-03-18 00:41:07.139  INFO 3272 --- [main] o.f.core.internal.command.DbMigrate      : Migrating schema "public" to version "1.0.0 - DDL insert state"
2021-03-18 00:41:07.277 ERROR 3272 --- [main] o.f.core.internal.command.DbMigrate      : Migration of schema "public" to version "1.0.0 - DDL insert state" failed! Changes successfully rolled back.
2021-03-18 00:41:07.284 ERROR 3272 --- [main] o.s.b.web.embedded.tomcat.TomcatStarter  : Error starting Tomcat context. Exception: org.springframework.beans.factory.UnsatisfiedDependencyException. Message: Error creating bean with name 'jwtRequestFilter': Unsatisfied dependency expressed through field 'jwtUserDetailsService'; nested exception is org.springframework.beans.factory.UnsatisfiedDependencyException: Error creating bean with name 'securityService': Unsatisfied dependency expressed through field 'userAuthenticationService'; nested exception is org.springframework.beans.factory.UnsatisfiedDependencyException: Error creating bean with name 'userAuthenticationService': Unsatisfied dependency expressed through field 'userAuthenticationRepository'; nested exception is org.springframework.beans.factory.BeanCreationException: Error creating bean with name 'userAuthenticationRepository' defined in com.matheusfelixr.scm.repository.UserAuthenticationRepository defined in @EnableJpaRepositories declared on JpaRepositoriesRegistrar.EnableJpaRepositoriesConfiguration: Cannot create inner bean '(inner bean)#11787b64' of type [org.springframework.orm.jpa.SharedEntityManagerCreator] while setting bean property 'entityManager'; nested exception is org.springframework.beans.factory.BeanCreationException: Error creating bean with name '(inner bean)#11787b64': Cannot resolve reference to bean 'entityManagerFactory' while setting constructor argument; nested exception is org.springframework.beans.factory.BeanCreationException: Error creating bean with name 'flywayInitializer' defined in class path resource [org/springframework/boot/autoconfigure/flyway/FlywayAutoConfiguration$FlywayConfiguration.class]: Invocation of init method failed; nested exception is org.flywaydb.core.internal.command.DbMigrate$FlywayMigrateException: 
Migration V1.0.0__DDL_insert_state.sql failed
---------------------------------------------
SQL State  : 42P01
Error Code : 0
Message    : ERROR: relation "public.user_authentication" does not exist
Location   : db/migration/V1/V1.0.0__DDL_insert_state.sql (D:\projetos\estudo\git\scm\target\classes\db\migration\V1\V1.0.0__DDL_insert_state.sql)
Line       : 19
Statement  : CREATE TABLE public.history_authentication
    (
        id bigint NOT NULL,
        user_name character varying(255) COLLATE pg_catalog."default",
        date timestamp without time zone NOT NULL,
        ip character varying(255) COLLATE pg_catalog."default",
        observation character varying(255) COLLATE pg_catalog."default",
        user_authentication bigint,
        CONSTRAINT history_authentication_pkey PRIMARY KEY (id),
        CONSTRAINT fk6m4aglmkqtw9b11npn6yrs8qm FOREIGN KEY (user_authentication)
            REFERENCES public.user_authentication (id) MATCH SIMPLE
            ON UPDATE NO ACTION
            ON DELETE NO ACTION
    )

    TABLESPACE pg_default

2021-03-18 00:41:07.353  INFO 3272 --- [main] o.apache.catalina.core.StandardService   : Stopping service [Tomcat]
2021-03-18 00:41:07.359  WARN 3272 --- [main] o.a.c.loader.WebappClassLoaderBase       : The web application [ROOT] appears to have started a thread named [HikariPool-1 housekeeper] but has failed to stop it. This is very likely to create a memory leak. Stack trace of thread:
 sun.misc.Unsafe.park(Native Method)
 java.util.concurrent.locks.LockSupport.parkNanos(LockSupport.java:215)
 java.util.concurrent.locks.AbstractQueuedSynchronizer$ConditionObject.awaitNanos(AbstractQueuedSynchronizer.java:2078)
 java.util.concurrent.ScheduledThreadPoolExecutor$DelayedWorkQueue.take(ScheduledThreadPoolExecutor.java:1093)
 java.util.concurrent.ScheduledThreadPoolExecutor$DelayedWorkQueue.take(ScheduledThreadPoolExecutor.java:809)
 java.util.concurrent.ThreadPoolExecutor.getTask(ThreadPoolExecutor.java:1074)
 java.util.concurrent.ThreadPoolExecutor.runWorker(ThreadPoolExecutor.java:1134)
 java.util.concurrent.ThreadPoolExecutor$Worker.run(ThreadPoolExecutor.java:624)
 java.lang.Thread.run(Thread.java:748)
2021-03-18 00:41:07.363  WARN 3272 --- [main] o.a.c.loader.WebappClassLoaderBase       : The web application [ROOT] appears to have started a thread named [HikariPool-1 connection adder] but has failed to stop it. This is very likely to create a memory leak. Stack trace of thread:
 java.net.SocketInputStream.socketRead0(Native Method)
 java.net.SocketInputStream.socketRead(SocketInputStream.java:116)
 java.net.SocketInputStream.read(SocketInputStream.java:171)
 java.net.SocketInputStream.read(SocketInputStream.java:141)
 org.postgresql.core.VisibleBufferedInputStream.readMore(VisibleBufferedInputStream.java:161)
 org.postgresql.core.VisibleBufferedInputStream.ensureBytes(VisibleBufferedInputStream.java:128)
 org.postgresql.core.VisibleBufferedInputStream.ensureBytes(VisibleBufferedInputStream.java:113)
 org.postgresql.core.VisibleBufferedInputStream.read(VisibleBufferedInputStream.java:73)
 org.postgresql.core.PGStream.receiveChar(PGStream.java:441)
 org.postgresql.core.v3.ConnectionFactoryImpl.doAuthentication(ConnectionFactoryImpl.java:598)
 org.postgresql.core.v3.ConnectionFactoryImpl.tryConnect(ConnectionFactoryImpl.java:161)
 org.postgresql.core.v3.ConnectionFactoryImpl.openConnectionImpl(ConnectionFactoryImpl.java:213)
 org.postgresql.core.ConnectionFactory.openConnection(ConnectionFactory.java:51)
 org.postgresql.jdbc.PgConnection.<init>(PgConnection.java:225)
 org.postgresql.Driver.makeConnection(Driver.java:465)
 org.postgresql.Driver.connect(Driver.java:264)
 com.zaxxer.hikari.util.DriverDataSource.getConnection(DriverDataSource.java:138)
 com.zaxxer.hikari.pool.PoolBase.newConnection(PoolBase.java:358)
 com.zaxxer.hikari.pool.PoolBase.newPoolEntry(PoolBase.java:206)
 com.zaxxer.hikari.pool.HikariPool.createPoolEntry(HikariPool.java:477)
 com.zaxxer.hikari.pool.HikariPool.access$100(HikariPool.java:71)
 com.zaxxer.hikari.pool.HikariPool$PoolEntryCreator.call(HikariPool.java:725)
 com.zaxxer.hikari.pool.HikariPool$PoolEntryCreator.call(HikariPool.java:711)
 java.util.concurrent.FutureTask.run$$$capture(FutureTask.java:266)
 java.util.concurrent.FutureTask.run(FutureTask.java)
 java.util.concurrent.ThreadPoolExecutor.runWorker(ThreadPoolExecutor.java:1149)
 java.util.concurrent.ThreadPoolExecutor$Worker.run(ThreadPoolExecutor.java:624)
 java.lang.Thread.run(Thread.java:748)
2021-03-18 00:41:07.368  WARN 3272 --- [main] ConfigServletWebServerApplicationContext : Exception encountered during context initialization - cancelling refresh attempt: org.springframework.context.ApplicationContextException: Unable to start web server; nested exception is org.springframework.boot.web.server.WebServerException: Unable to start embedded Tomcat
2021-03-18 00:41:07.370  INFO 3272 --- [main] com.zaxxer.hikari.HikariDataSource       : HikariPool-1 - Shutdown initiated...
2021-03-18 00:41:07.463  INFO 3272 --- [main] com.zaxxer.hikari.HikariDataSource       : HikariPool-1 - Shutdown completed.
2021-03-18 00:41:07.483  INFO 3272 --- [main] ConditionEvaluationReportLoggingListener : 

Error starting ApplicationContext. To display the conditions report re-run your application with 'debug' enabled.
2021-03-18 00:41:07.533  WARN 3272 --- [main] o.s.boot.SpringApplication               : Unable to close ApplicationContext

java.lang.IllegalStateException: Illegal access: this web application instance has been stopped already. Could not load [db/migration/V1/V1.0.0__DDL_insert_state.sql]. The following stack trace is thrown for debugging purposes as well as to attempt to terminate the thread which caused the illegal access.
	at org.apache.catalina.loader.WebappClassLoaderBase.checkStateForResourceLoading(WebappClassLoaderBase.java:1384) ~[tomcat-embed-core-9.0.43.jar:9.0.43]
	at org.apache.catalina.loader.WebappClassLoaderBase.getResource(WebappClassLoaderBase.java:1037) ~[tomcat-embed-core-9.0.43.jar:9.0.43]
	at org.flywaydb.core.internal.resource.classpath.ClassPathResource.getUrl(ClassPathResource.java:83) ~[flyway-core-7.1.1.jar:na]
	at org.flywaydb.core.internal.resource.classpath.ClassPathResource.getAbsolutePathOnDisk(ClassPathResource.java:72) ~[flyway-core-7.1.1.jar:na]
	at org.flywaydb.core.internal.sqlscript.FlywaySqlScriptException.getMessage(FlywaySqlScriptException.java:81) ~[flyway-core-7.1.1.jar:na]
	at ch.qos.logback.classic.spi.ThrowableProxy.<init>(ThrowableProxy.java:54) ~[logback-classic-1.2.3.jar:na]
	at ch.qos.logback.classic.spi.ThrowableProxy.<init>(ThrowableProxy.java:60) ~[logback-classic-1.2.3.jar:na]
	at ch.qos.logback.classic.spi.ThrowableProxy.<init>(ThrowableProxy.java:60) ~[logback-classic-1.2.3.jar:na]
	at ch.qos.logback.classic.spi.ThrowableProxy.<init>(ThrowableProxy.java:60) ~[logback-classic-1.2.3.jar:na]
	at ch.qos.logback.classic.spi.ThrowableProxy.<init>(ThrowableProxy.java:60) ~[logback-classic-1.2.3.jar:na]
	at ch.qos.logback.classic.spi.ThrowableProxy.<init>(ThrowableProxy.java:60) ~[logback-classic-1.2.3.jar:na]
	at ch.qos.logback.classic.spi.ThrowableProxy.<init>(ThrowableProxy.java:60) ~[logback-classic-1.2.3.jar:na]
	at ch.qos.logback.classic.spi.ThrowableProxy.<init>(ThrowableProxy.java:60) ~[logback-classic-1.2.3.jar:na]
	at ch.qos.logback.classic.spi.ThrowableProxy.<init>(ThrowableProxy.java:60) ~[logback-classic-1.2.3.jar:na]
	at ch.qos.logback.classic.spi.ThrowableProxy.<init>(ThrowableProxy.java:60) ~[logback-classic-1.2.3.jar:na]
	at ch.qos.logback.classic.spi.LoggingEvent.<init>(LoggingEvent.java:119) ~[logback-classic-1.2.3.jar:na]
	at ch.qos.logback.classic.Logger.buildLoggingEventAndAppend(Logger.java:419) ~[logback-classic-1.2.3.jar:na]
	at ch.qos.logback.classic.Logger.filterAndLog_0_Or3Plus(Logger.java:383) ~[logback-classic-1.2.3.jar:na]
	at ch.qos.logback.classic.Logger.log(Logger.java:765) ~[logback-classic-1.2.3.jar:na]
	at org.apache.commons.logging.LogAdapter$Slf4jLocationAwareLog.error(LogAdapter.java:433) ~[spring-jcl-5.3.4.jar:5.3.4]
	at org.springframework.boot.SpringApplication.reportFailure(SpringApplication.java:856) [spring-boot-2.4.3.jar:2.4.3]
	at org.springframework.boot.SpringApplication.handleRunFailure(SpringApplication.java:821) [spring-boot-2.4.3.jar:2.4.3]
	at org.springframework.boot.SpringApplication.run(SpringApplication.java:336) [spring-boot-2.4.3.jar:2.4.3]
	at org.springframework.boot.SpringApplication.run(SpringApplication.java:1311) [spring-boot-2.4.3.jar:2.4.3]
	at org.springframework.boot.SpringApplication.run(SpringApplication.java:1300) [spring-boot-2.4.3.jar:2.4.3]
	at com.matheusfelixr.scm.ScmApplication.main(ScmApplication.java:10) [classes/:na]

2021-03-18 00:43:45.886  INFO 8296 --- [main] com.matheusfelixr.scm.ScmApplication     : Starting ScmApplication using Java 1.8.0_191 on DESKTOP-83GQDVO with PID 8296 (D:\projetos\estudo\git\scm\target\classes started by mathe in D:\projetos\estudo\git\scm)
2021-03-18 00:43:45.891  INFO 8296 --- [main] com.matheusfelixr.scm.ScmApplication     : The following profiles are active: @activatedProperties@
2021-03-18 00:43:47.013  INFO 8296 --- [main] .s.d.r.c.RepositoryConfigurationDelegate : Bootstrapping Spring Data JPA repositories in DEFAULT mode.
2021-03-18 00:43:47.099  INFO 8296 --- [main] .s.d.r.c.RepositoryConfigurationDelegate : Finished Spring Data repository scanning in 76 ms. Found 4 JPA repository interfaces.
2021-03-18 00:43:47.585  INFO 8296 --- [main] trationDelegate$BeanPostProcessorChecker : Bean 'org.springframework.security.access.expression.method.DefaultMethodSecurityExpressionHandler@2b38b1f' of type [org.springframework.security.access.expression.method.DefaultMethodSecurityExpressionHandler] is not eligible for getting processed by all BeanPostProcessors (for example: not eligible for auto-proxying)
2021-03-18 00:43:47.591  INFO 8296 --- [main] trationDelegate$BeanPostProcessorChecker : Bean 'methodSecurityMetadataSource' of type [org.springframework.security.access.method.DelegatingMethodSecurityMetadataSource] is not eligible for getting processed by all BeanPostProcessors (for example: not eligible for auto-proxying)
2021-03-18 00:43:48.168  INFO 8296 --- [main] o.s.b.w.embedded.tomcat.TomcatWebServer  : Tomcat initialized with port(s): 8080 (http)
2021-03-18 00:43:48.181  INFO 8296 --- [main] o.apache.catalina.core.StandardService   : Starting service [Tomcat]
2021-03-18 00:43:48.182  INFO 8296 --- [main] org.apache.catalina.core.StandardEngine  : Starting Servlet engine: [Apache Tomcat/9.0.43]
2021-03-18 00:43:48.301  INFO 8296 --- [main] o.a.c.c.C.[Tomcat].[localhost].[/]       : Initializing Spring embedded WebApplicationContext
2021-03-18 00:43:48.301  INFO 8296 --- [main] w.s.c.ServletWebServerApplicationContext : Root WebApplicationContext: initialization completed in 2325 ms
2021-03-18 00:43:48.515  INFO 8296 --- [main] o.f.c.internal.license.VersionPrinter    : Flyway Community Edition 7.1.1 by Redgate
2021-03-18 00:43:48.527  INFO 8296 --- [main] com.zaxxer.hikari.HikariDataSource       : HikariPool-1 - Starting...
2021-03-18 00:43:48.810  INFO 8296 --- [main] com.zaxxer.hikari.HikariDataSource       : HikariPool-1 - Start completed.
2021-03-18 00:43:48.877  INFO 8296 --- [main] o.f.c.i.database.base.DatabaseType       : Database: jdbc:postgresql://localhost:5432/scm (PostgreSQL 12.6)
2021-03-18 00:43:48.953  INFO 8296 --- [main] o.f.core.internal.command.DbValidate     : Successfully validated 1 migration (execution time 00:00.043s)
2021-03-18 00:43:48.965  INFO 8296 --- [main] o.f.core.internal.command.DbMigrate      : Current version of schema "public": << Empty Schema >>
2021-03-18 00:43:48.988  INFO 8296 --- [main] o.f.core.internal.command.DbMigrate      : Migrating schema "public" to version "1.0.0 - DDL insert state"
2021-03-18 00:43:49.259  INFO 8296 --- [main] o.f.core.internal.command.DbMigrate      : Successfully applied 1 migration to schema "public" (execution time 00:00.301s)
2021-03-18 00:43:49.412  INFO 8296 --- [main] o.hibernate.jpa.internal.util.LogHelper  : HHH000204: Processing PersistenceUnitInfo [name: default]
2021-03-18 00:43:49.490  INFO 8296 --- [main] org.hibernate.Version                    : HHH000412: Hibernate ORM core version 5.4.28.Final
2021-03-18 00:43:49.688  INFO 8296 --- [main] o.hibernate.annotations.common.Version   : HCANN000001: Hibernate Commons Annotations {5.1.2.Final}
2021-03-18 00:43:49.894  INFO 8296 --- [main] org.hibernate.dialect.Dialect            : HHH000400: Using dialect: org.hibernate.dialect.PostgreSQLDialect
2021-03-18 00:43:50.806  INFO 8296 --- [main] o.h.e.t.j.p.i.JtaPlatformInitiator       : HHH000490: Using JtaPlatform implementation: [org.hibernate.engine.transaction.jta.platform.internal.NoJtaPlatform]
2021-03-18 00:43:50.819  INFO 8296 --- [main] j.LocalContainerEntityManagerFactoryBean : Initialized JPA EntityManagerFactory for persistence unit 'default'
2021-03-18 00:43:51.371  WARN 8296 --- [main] JpaBaseConfiguration$JpaWebConfiguration : spring.jpa.open-in-view is enabled by default. Therefore, database queries may be performed during view rendering. Explicitly configure spring.jpa.open-in-view to disable this warning
2021-03-18 00:43:52.320  INFO 8296 --- [main] o.s.s.web.DefaultSecurityFilterChain     : Will secure any request with [org.springframework.security.web.context.request.async.WebAsyncManagerIntegrationFilter@784c74e, org.springframework.security.web.context.SecurityContextPersistenceFilter@3fe21d0e, org.springframework.security.web.header.HeaderWriterFilter@61cff1e4, org.springframework.security.web.authentication.logout.LogoutFilter@3b62c51e, com.matheusfelixr.scm.filter.JwtRequestFilter@53f94afe, org.springframework.security.web.savedrequest.RequestCacheAwareFilter@787b7796, org.springframework.security.web.servletapi.SecurityContextHolderAwareRequestFilter@6e627ab8, org.springframework.security.web.authentication.AnonymousAuthenticationFilter@5fee3c9c, com.matheusfelixr.scm.filter.CorsFilter@7e577eed, org.springframework.security.web.session.SessionManagementFilter@212be8c, org.springframework.security.web.access.ExceptionTranslationFilter@6e5a77ef, org.springframework.security.web.access.intercept.FilterSecurityInterceptor@ae5d544]
2021-03-18 00:43:52.359  INFO 8296 --- [main] pertySourcedRequestMappingHandlerMapping : Mapped URL path [/v2/api-docs] onto method [springfox.documentation.swagger2.web.Swagger2Controller#getDocumentation(String, HttpServletRequest)]
2021-03-18 00:43:52.808  WARN 8296 --- [main] o.h.engine.jdbc.spi.SqlExceptionHelper   : SQL Error: 0, SQLState: 42P01
2021-03-18 00:43:52.808 ERROR 8296 --- [main] o.h.engine.jdbc.spi.SqlExceptionHelper   : ERROR: relation "seq_user_authentication" does not exist
  Posição: 17
2021-03-18 00:43:52.947  INFO 8296 --- [main] o.s.s.concurrent.ThreadPoolTaskExecutor  : Initializing ExecutorService 'applicationTaskExecutor'
2021-03-18 00:43:53.297  INFO 8296 --- [main] o.s.b.w.embedded.tomcat.TomcatWebServer  : Tomcat started on port(s): 8080 (http) with context path ''
2021-03-18 00:43:53.298  INFO 8296 --- [main] d.s.w.p.DocumentationPluginsBootstrapper : Context refreshed
2021-03-18 00:43:53.322  INFO 8296 --- [main] d.s.w.p.DocumentationPluginsBootstrapper : Found 1 custom documentation plugin(s)
2021-03-18 00:43:53.371  INFO 8296 --- [main] s.d.s.w.s.ApiListingReferenceScanner     : Scanning for api listing references
2021-03-18 00:43:53.638  INFO 8296 --- [main] com.matheusfelixr.scm.ScmApplication     : Started ScmApplication in 8.409 seconds (JVM running for 9.135)
